<?xml version="1.0" encoding="UTF-8"?>
<!-- Generated by org.testng.reporters.JUnitReportReporter -->
<testsuite hostname="Arthur" failures="1" tests="1" name="cucumberOptions.FailedTestRunner" time="5.219" errors="0" timestamp="2022-10-17T09:53:18 WEST" skipped="0">
  <testcase classname="cucumberOptions.FailedTestRunner" name="runScenario" time="5.219">
    <failure message="expected object to not be null" type="java.lang.AssertionError">
      <![CDATA[java.lang.AssertionError: expected object to not be null
at org.testng.Assert.fail(Assert.java:110)
at org.testng.Assert.assertNotNull(Assert.java:1319)
at org.testng.Assert.assertNotNull(Assert.java:1303)
at stepDefinitions.CartPageStep.should_see_apply_button_and_place_order_button_displaying(CartPageStep.java:36)
at âœ½.should see Apply button and Place Order button displaying(file:///C:/Users/artur/Desktop/QALearning/CucumberFramework/src/test/java/features/buyItem.feature:27)
]]>
    </failure>
  </testcase> <!-- runScenario -->
  <system-out/>
</testsuite> <!-- cucumberOptions.FailedTestRunner -->
