<?xml version="1.0" encoding="UTF-8"?>
<!-- Generated by org.testng.reporters.JUnitXMLReporter -->
<testsuite ignored="0" hostname="Arthur" failures="1" tests="1" name="Surefire test" time="0.032" errors="0" timestamp="2022-09-16T10:35:12 WEST">
  <testcase classname="AA.SeleniumFrameworkDesign.tests.StandAloneTest" name="submitOrder" time="0.0">
    <failure type="java.lang.RuntimeException" message="java.io.FileNotFoundException: C:\Users\Arthur\eclipse-workspace\SeleniumFrameworkDesign\src\test\java\Data\PurchaseOrder.json (O sistema não conseguiu localizar o caminho especificado)">
      <![CDATA[java.lang.RuntimeException: java.io.FileNotFoundException: C:\Users\Arthur\eclipse-workspace\SeleniumFrameworkDesign\src\test\java\Data\PurchaseOrder.json (O sistema não conseguiu localizar o caminho especificado)
at java.base/java.util.ArrayList.forEach(ArrayList.java:1511)
Caused by: java.io.FileNotFoundException: C:\Users\Arthur\eclipse-workspace\SeleniumFrameworkDesign\src\test\java\Data\PurchaseOrder.json (O sistema não conseguiu localizar o caminho especificado)
at java.base/java.io.FileInputStream.open0(Native Method)
at java.base/java.io.FileInputStream.open(FileInputStream.java:216)
at java.base/java.io.FileInputStream.<init>(FileInputStream.java:157)
at java.base/java.io.FileReader.<init>(FileReader.java:75)
at Data.DataReader.getJsonDataToMap(DataReader.java:28)
at AA.SeleniumFrameworkDesign.tests.StandAloneTest.getData(StandAloneTest.java:104)
... 30 more
... Removed 35 stack frames]]>
    </failure>
  </testcase> <!-- submitOrder -->
</testsuite> <!-- Surefire test -->
