<?xml version="1.0" encoding="UTF-8"?>
<!-- Generated by org.testng.reporters.JUnitXMLReporter -->
<testsuite ignored="0" hostname="Arthur" failures="1" tests="3" name="Login Validation" time="12.609" errors="0" timestamp="2022-09-16T10:36:47 WEST">
  <testcase classname="AA.SeleniumFrameworkDesign.tests.ErrorValidation" name="LoginValidationIsTrue" time="4.614"/>
  <testcase classname="AA.SeleniumFrameworkDesign.tests.ErrorValidation" name="LoginValidationIsWrong" time="4.044">
    <skipped/>
  </testcase> <!-- LoginValidationIsWrong -->
  <testcase classname="AA.SeleniumFrameworkDesign.tests.ErrorValidation" name="LoginValidationIsWrong" time="3.536">
    <failure type="java.lang.AssertionError" message="did not expect [Incorrect email or password.] but found [Incorrect email or password.]">
      <![CDATA[java.lang.AssertionError: did not expect [Incorrect email or password.] but found [Incorrect email or password.]
at AA.SeleniumFrameworkDesign.tests.ErrorValidation.LoginValidationIsWrong(ErrorValidation.java:23)
at java.base/java.util.ArrayList.forEach(ArrayList.java:1511)
at java.base/java.util.concurrent.FutureTask.run(FutureTask.java:264)
at java.base/java.util.concurrent.ThreadPoolExecutor.runWorker(ThreadPoolExecutor.java:1136)
at java.base/java.util.concurrent.ThreadPoolExecutor$Worker.run(ThreadPoolExecutor.java:635)
at java.base/java.lang.Thread.run(Thread.java:833)
... Removed 20 stack frames]]>
    </failure>
  </testcase> <!-- LoginValidationIsWrong -->
</testsuite> <!-- Login Validation -->
